CRITICAL - 2024-05-30 05:52:56 --> The framework needs the following extension(s) installed and loaded: intl.
in SYSTEMPATH\CodeIgniter.php on line 246.
 1 SYSTEMPATH\CodeIgniter.php(246): CodeIgniter\Exceptions\FrameworkException::forMissingExtension('intl')
 2 SYSTEMPATH\CodeIgniter.php(210): CodeIgniter\CodeIgniter->resolvePlatformExtensions()
 3 ROOTPATH\spark(88): CodeIgniter\CodeIgniter->initialize()
CRITICAL - 2024-05-30 05:52:56 --> Uncaught Error: Class "Locale" not found in D:\xampp\htdocs\crud-login-ci4\system\I18n\TimeTrait.php:74
Stack trace:
#0 D:\xampp\htdocs\crud-login-ci4\system\I18n\TimeTrait.php(115): CodeIgniter\I18n\Time->__construct(NULL, NULL, NULL)
#1 D:\xampp\htdocs\crud-login-ci4\system\HTTP\ResponseTrait.php(468): CodeIgniter\I18n\Time::now()
#2 D:\xampp\htdocs\crud-login-ci4\system\HTTP\ResponseTrait.php(446): CodeIgniter\HTTP\Response->sendHeaders()
#3 D:\xampp\htdocs\crud-login-ci4\system\Debug\ExceptionHandler.php(78): CodeIgniter\HTTP\Response->send()
#4 D:\xampp\htdocs\crud-login-ci4\system\Debug\Exceptions.php(147): CodeIgniter\Debug\ExceptionHandler->handle(Object(CodeIgniter\Exceptions\FrameworkException), Object(CodeIgniter\HTTP\IncomingRequest), Object(CodeIgniter\HTTP\Response), 500, 1)
#5 [internal function]: CodeIgniter\Debug\Exceptions->exceptionHandler(Object(CodeIgniter\Exceptions\FrameworkException))
#6 {main}
  thrown
【Previous Exception】
CodeIgniter\Exceptions\FrameworkException
The framework needs the following extension(s) installed and loaded: intl.
#0 D:\xampp\htdocs\crud-login-ci4\system\CodeIgniter.php(246): CodeIgniter\Exceptions\FrameworkException::forMissingExtension('intl')
#1 D:\xampp\htdocs\crud-login-ci4\system\CodeIgniter.php(210): CodeIgniter\CodeIgniter->resolvePlatformExtensions()
#2 D:\xampp\htdocs\crud-login-ci4\spark(88): CodeIgniter\CodeIgniter->initialize()
#3 {main}
in SYSTEMPATH\I18n\TimeTrait.php on line 74.
 1 [internal function]: CodeIgniter\Debug\Exceptions->shutdownHandler()
CRITICAL - 2024-05-30 05:58:29 --> The framework needs the following extension(s) installed and loaded: intl.
in SYSTEMPATH\CodeIgniter.php on line 246.
 1 SYSTEMPATH\CodeIgniter.php(246): CodeIgniter\Exceptions\FrameworkException::forMissingExtension('intl')
 2 SYSTEMPATH\CodeIgniter.php(210): CodeIgniter\CodeIgniter->resolvePlatformExtensions()
 3 ROOTPATH\spark(88): CodeIgniter\CodeIgniter->initialize()
CRITICAL - 2024-05-30 05:58:29 --> Uncaught Error: Class "Locale" not found in D:\xampp\htdocs\crud-login-ci4\system\I18n\TimeTrait.php:74
Stack trace:
#0 D:\xampp\htdocs\crud-login-ci4\system\I18n\TimeTrait.php(115): CodeIgniter\I18n\Time->__construct(NULL, NULL, NULL)
#1 D:\xampp\htdocs\crud-login-ci4\system\HTTP\ResponseTrait.php(468): CodeIgniter\I18n\Time::now()
#2 D:\xampp\htdocs\crud-login-ci4\system\HTTP\ResponseTrait.php(446): CodeIgniter\HTTP\Response->sendHeaders()
#3 D:\xampp\htdocs\crud-login-ci4\system\Debug\ExceptionHandler.php(78): CodeIgniter\HTTP\Response->send()
#4 D:\xampp\htdocs\crud-login-ci4\system\Debug\Exceptions.php(147): CodeIgniter\Debug\ExceptionHandler->handle(Object(CodeIgniter\Exceptions\FrameworkException), Object(CodeIgniter\HTTP\IncomingRequest), Object(CodeIgniter\HTTP\Response), 500, 1)
#5 [internal function]: CodeIgniter\Debug\Exceptions->exceptionHandler(Object(CodeIgniter\Exceptions\FrameworkException))
#6 {main}
  thrown
【Previous Exception】
CodeIgniter\Exceptions\FrameworkException
The framework needs the following extension(s) installed and loaded: intl.
#0 D:\xampp\htdocs\crud-login-ci4\system\CodeIgniter.php(246): CodeIgniter\Exceptions\FrameworkException::forMissingExtension('intl')
#1 D:\xampp\htdocs\crud-login-ci4\system\CodeIgniter.php(210): CodeIgniter\CodeIgniter->resolvePlatformExtensions()
#2 D:\xampp\htdocs\crud-login-ci4\spark(88): CodeIgniter\CodeIgniter->initialize()
#3 {main}
in SYSTEMPATH\I18n\TimeTrait.php on line 74.
 1 [internal function]: CodeIgniter\Debug\Exceptions->shutdownHandler()
CRITICAL - 2024-05-30 06:00:08 --> The framework needs the following extension(s) installed and loaded: intl.
in SYSTEMPATH\CodeIgniter.php on line 246.
 1 SYSTEMPATH\CodeIgniter.php(246): CodeIgniter\Exceptions\FrameworkException::forMissingExtension('intl')
 2 SYSTEMPATH\CodeIgniter.php(210): CodeIgniter\CodeIgniter->resolvePlatformExtensions()
 3 ROOTPATH\spark(88): CodeIgniter\CodeIgniter->initialize()
CRITICAL - 2024-05-30 06:00:08 --> Uncaught Error: Class "Locale" not found in D:\xampp\htdocs\crud-login-ci4\system\I18n\TimeTrait.php:74
Stack trace:
#0 D:\xampp\htdocs\crud-login-ci4\system\I18n\TimeTrait.php(115): CodeIgniter\I18n\Time->__construct(NULL, NULL, NULL)
#1 D:\xampp\htdocs\crud-login-ci4\system\HTTP\ResponseTrait.php(468): CodeIgniter\I18n\Time::now()
#2 D:\xampp\htdocs\crud-login-ci4\system\HTTP\ResponseTrait.php(446): CodeIgniter\HTTP\Response->sendHeaders()
#3 D:\xampp\htdocs\crud-login-ci4\system\Debug\ExceptionHandler.php(78): CodeIgniter\HTTP\Response->send()
#4 D:\xampp\htdocs\crud-login-ci4\system\Debug\Exceptions.php(147): CodeIgniter\Debug\ExceptionHandler->handle(Object(CodeIgniter\Exceptions\FrameworkException), Object(CodeIgniter\HTTP\IncomingRequest), Object(CodeIgniter\HTTP\Response), 500, 1)
#5 [internal function]: CodeIgniter\Debug\Exceptions->exceptionHandler(Object(CodeIgniter\Exceptions\FrameworkException))
#6 {main}
  thrown
【Previous Exception】
CodeIgniter\Exceptions\FrameworkException
The framework needs the following extension(s) installed and loaded: intl.
#0 D:\xampp\htdocs\crud-login-ci4\system\CodeIgniter.php(246): CodeIgniter\Exceptions\FrameworkException::forMissingExtension('intl')
#1 D:\xampp\htdocs\crud-login-ci4\system\CodeIgniter.php(210): CodeIgniter\CodeIgniter->resolvePlatformExtensions()
#2 D:\xampp\htdocs\crud-login-ci4\spark(88): CodeIgniter\CodeIgniter->initialize()
#3 {main}
in SYSTEMPATH\I18n\TimeTrait.php on line 74.
 1 [internal function]: CodeIgniter\Debug\Exceptions->shutdownHandler()
CRITICAL - 2024-05-30 06:00:11 --> The framework needs the following extension(s) installed and loaded: intl.
in SYSTEMPATH\CodeIgniter.php on line 246.
 1 SYSTEMPATH\CodeIgniter.php(246): CodeIgniter\Exceptions\FrameworkException::forMissingExtension('intl')
 2 SYSTEMPATH\CodeIgniter.php(210): CodeIgniter\CodeIgniter->resolvePlatformExtensions()
 3 ROOTPATH\spark(88): CodeIgniter\CodeIgniter->initialize()
CRITICAL - 2024-05-30 06:00:11 --> Uncaught Error: Class "Locale" not found in D:\xampp\htdocs\crud-login-ci4\system\I18n\TimeTrait.php:74
Stack trace:
#0 D:\xampp\htdocs\crud-login-ci4\system\I18n\TimeTrait.php(115): CodeIgniter\I18n\Time->__construct(NULL, NULL, NULL)
#1 D:\xampp\htdocs\crud-login-ci4\system\HTTP\ResponseTrait.php(468): CodeIgniter\I18n\Time::now()
#2 D:\xampp\htdocs\crud-login-ci4\system\HTTP\ResponseTrait.php(446): CodeIgniter\HTTP\Response->sendHeaders()
#3 D:\xampp\htdocs\crud-login-ci4\system\Debug\ExceptionHandler.php(78): CodeIgniter\HTTP\Response->send()
#4 D:\xampp\htdocs\crud-login-ci4\system\Debug\Exceptions.php(147): CodeIgniter\Debug\ExceptionHandler->handle(Object(CodeIgniter\Exceptions\FrameworkException), Object(CodeIgniter\HTTP\IncomingRequest), Object(CodeIgniter\HTTP\Response), 500, 1)
#5 [internal function]: CodeIgniter\Debug\Exceptions->exceptionHandler(Object(CodeIgniter\Exceptions\FrameworkException))
#6 {main}
  thrown
【Previous Exception】
CodeIgniter\Exceptions\FrameworkException
The framework needs the following extension(s) installed and loaded: intl.
#0 D:\xampp\htdocs\crud-login-ci4\system\CodeIgniter.php(246): CodeIgniter\Exceptions\FrameworkException::forMissingExtension('intl')
#1 D:\xampp\htdocs\crud-login-ci4\system\CodeIgniter.php(210): CodeIgniter\CodeIgniter->resolvePlatformExtensions()
#2 D:\xampp\htdocs\crud-login-ci4\spark(88): CodeIgniter\CodeIgniter->initialize()
#3 {main}
in SYSTEMPATH\I18n\TimeTrait.php on line 74.
 1 [internal function]: CodeIgniter\Debug\Exceptions->shutdownHandler()
CRITICAL - 2024-05-30 06:01:06 --> The framework needs the following extension(s) installed and loaded: intl.
in SYSTEMPATH\CodeIgniter.php on line 246.
 1 SYSTEMPATH\CodeIgniter.php(246): CodeIgniter\Exceptions\FrameworkException::forMissingExtension('intl')
 2 SYSTEMPATH\CodeIgniter.php(210): CodeIgniter\CodeIgniter->resolvePlatformExtensions()
 3 ROOTPATH\spark(88): CodeIgniter\CodeIgniter->initialize()
CRITICAL - 2024-05-30 06:01:06 --> Uncaught Error: Class "Locale" not found in D:\xampp\htdocs\crud-login-ci4\system\I18n\TimeTrait.php:74
Stack trace:
#0 D:\xampp\htdocs\crud-login-ci4\system\I18n\TimeTrait.php(115): CodeIgniter\I18n\Time->__construct(NULL, NULL, NULL)
#1 D:\xampp\htdocs\crud-login-ci4\system\HTTP\ResponseTrait.php(468): CodeIgniter\I18n\Time::now()
#2 D:\xampp\htdocs\crud-login-ci4\system\HTTP\ResponseTrait.php(446): CodeIgniter\HTTP\Response->sendHeaders()
#3 D:\xampp\htdocs\crud-login-ci4\system\Debug\ExceptionHandler.php(78): CodeIgniter\HTTP\Response->send()
#4 D:\xampp\htdocs\crud-login-ci4\system\Debug\Exceptions.php(147): CodeIgniter\Debug\ExceptionHandler->handle(Object(CodeIgniter\Exceptions\FrameworkException), Object(CodeIgniter\HTTP\IncomingRequest), Object(CodeIgniter\HTTP\Response), 500, 1)
#5 [internal function]: CodeIgniter\Debug\Exceptions->exceptionHandler(Object(CodeIgniter\Exceptions\FrameworkException))
#6 {main}
  thrown
【Previous Exception】
CodeIgniter\Exceptions\FrameworkException
The framework needs the following extension(s) installed and loaded: intl.
#0 D:\xampp\htdocs\crud-login-ci4\system\CodeIgniter.php(246): CodeIgniter\Exceptions\FrameworkException::forMissingExtension('intl')
#1 D:\xampp\htdocs\crud-login-ci4\system\CodeIgniter.php(210): CodeIgniter\CodeIgniter->resolvePlatformExtensions()
#2 D:\xampp\htdocs\crud-login-ci4\spark(88): CodeIgniter\CodeIgniter->initialize()
#3 {main}
in SYSTEMPATH\I18n\TimeTrait.php on line 74.
 1 [internal function]: CodeIgniter\Debug\Exceptions->shutdownHandler()
CRITICAL - 2024-05-30 06:01:12 --> The framework needs the following extension(s) installed and loaded: intl.
in SYSTEMPATH\CodeIgniter.php on line 246.
 1 SYSTEMPATH\CodeIgniter.php(246): CodeIgniter\Exceptions\FrameworkException::forMissingExtension('intl')
 2 SYSTEMPATH\CodeIgniter.php(210): CodeIgniter\CodeIgniter->resolvePlatformExtensions()
 3 ROOTPATH\spark(88): CodeIgniter\CodeIgniter->initialize()
CRITICAL - 2024-05-30 06:01:12 --> Uncaught Error: Class "Locale" not found in D:\xampp\htdocs\crud-login-ci4\system\I18n\TimeTrait.php:74
Stack trace:
#0 D:\xampp\htdocs\crud-login-ci4\system\I18n\TimeTrait.php(115): CodeIgniter\I18n\Time->__construct(NULL, NULL, NULL)
#1 D:\xampp\htdocs\crud-login-ci4\system\HTTP\ResponseTrait.php(468): CodeIgniter\I18n\Time::now()
#2 D:\xampp\htdocs\crud-login-ci4\system\HTTP\ResponseTrait.php(446): CodeIgniter\HTTP\Response->sendHeaders()
#3 D:\xampp\htdocs\crud-login-ci4\system\Debug\ExceptionHandler.php(78): CodeIgniter\HTTP\Response->send()
#4 D:\xampp\htdocs\crud-login-ci4\system\Debug\Exceptions.php(147): CodeIgniter\Debug\ExceptionHandler->handle(Object(CodeIgniter\Exceptions\FrameworkException), Object(CodeIgniter\HTTP\IncomingRequest), Object(CodeIgniter\HTTP\Response), 500, 1)
#5 [internal function]: CodeIgniter\Debug\Exceptions->exceptionHandler(Object(CodeIgniter\Exceptions\FrameworkException))
#6 {main}
  thrown
【Previous Exception】
CodeIgniter\Exceptions\FrameworkException
The framework needs the following extension(s) installed and loaded: intl.
#0 D:\xampp\htdocs\crud-login-ci4\system\CodeIgniter.php(246): CodeIgniter\Exceptions\FrameworkException::forMissingExtension('intl')
#1 D:\xampp\htdocs\crud-login-ci4\system\CodeIgniter.php(210): CodeIgniter\CodeIgniter->resolvePlatformExtensions()
#2 D:\xampp\htdocs\crud-login-ci4\spark(88): CodeIgniter\CodeIgniter->initialize()
#3 {main}
in SYSTEMPATH\I18n\TimeTrait.php on line 74.
 1 [internal function]: CodeIgniter\Debug\Exceptions->shutdownHandler()
CRITICAL - 2024-05-30 06:01:47 --> The framework needs the following extension(s) installed and loaded: intl.
in SYSTEMPATH\CodeIgniter.php on line 246.
 1 SYSTEMPATH\CodeIgniter.php(246): CodeIgniter\Exceptions\FrameworkException::forMissingExtension('intl')
 2 SYSTEMPATH\CodeIgniter.php(210): CodeIgniter\CodeIgniter->resolvePlatformExtensions()
 3 ROOTPATH\spark(88): CodeIgniter\CodeIgniter->initialize()
CRITICAL - 2024-05-30 06:01:47 --> Uncaught Error: Class "Locale" not found in D:\xampp\htdocs\crud-login-ci4\system\I18n\TimeTrait.php:74
Stack trace:
#0 D:\xampp\htdocs\crud-login-ci4\system\I18n\TimeTrait.php(115): CodeIgniter\I18n\Time->__construct(NULL, NULL, NULL)
#1 D:\xampp\htdocs\crud-login-ci4\system\HTTP\ResponseTrait.php(468): CodeIgniter\I18n\Time::now()
#2 D:\xampp\htdocs\crud-login-ci4\system\HTTP\ResponseTrait.php(446): CodeIgniter\HTTP\Response->sendHeaders()
#3 D:\xampp\htdocs\crud-login-ci4\system\Debug\ExceptionHandler.php(78): CodeIgniter\HTTP\Response->send()
#4 D:\xampp\htdocs\crud-login-ci4\system\Debug\Exceptions.php(147): CodeIgniter\Debug\ExceptionHandler->handle(Object(CodeIgniter\Exceptions\FrameworkException), Object(CodeIgniter\HTTP\IncomingRequest), Object(CodeIgniter\HTTP\Response), 500, 1)
#5 [internal function]: CodeIgniter\Debug\Exceptions->exceptionHandler(Object(CodeIgniter\Exceptions\FrameworkException))
#6 {main}
  thrown
【Previous Exception】
CodeIgniter\Exceptions\FrameworkException
The framework needs the following extension(s) installed and loaded: intl.
#0 D:\xampp\htdocs\crud-login-ci4\system\CodeIgniter.php(246): CodeIgniter\Exceptions\FrameworkException::forMissingExtension('intl')
#1 D:\xampp\htdocs\crud-login-ci4\system\CodeIgniter.php(210): CodeIgniter\CodeIgniter->resolvePlatformExtensions()
#2 D:\xampp\htdocs\crud-login-ci4\spark(88): CodeIgniter\CodeIgniter->initialize()
#3 {main}
in SYSTEMPATH\I18n\TimeTrait.php on line 74.
 1 [internal function]: CodeIgniter\Debug\Exceptions->shutdownHandler()
CRITICAL - 2024-05-30 06:05:07 --> The framework needs the following extension(s) installed and loaded: intl.
in SYSTEMPATH\CodeIgniter.php on line 246.
 1 SYSTEMPATH\CodeIgniter.php(246): CodeIgniter\Exceptions\FrameworkException::forMissingExtension('intl')
 2 SYSTEMPATH\CodeIgniter.php(210): CodeIgniter\CodeIgniter->resolvePlatformExtensions()
 3 ROOTPATH\spark(88): CodeIgniter\CodeIgniter->initialize()
CRITICAL - 2024-05-30 06:05:07 --> Uncaught Error: Class "Locale" not found in D:\xampp\htdocs\crud-login-ci4\system\I18n\TimeTrait.php:74
Stack trace:
#0 D:\xampp\htdocs\crud-login-ci4\system\I18n\TimeTrait.php(115): CodeIgniter\I18n\Time->__construct(NULL, NULL, NULL)
#1 D:\xampp\htdocs\crud-login-ci4\system\HTTP\ResponseTrait.php(468): CodeIgniter\I18n\Time::now()
#2 D:\xampp\htdocs\crud-login-ci4\system\HTTP\ResponseTrait.php(446): CodeIgniter\HTTP\Response->sendHeaders()
#3 D:\xampp\htdocs\crud-login-ci4\system\Debug\ExceptionHandler.php(78): CodeIgniter\HTTP\Response->send()
#4 D:\xampp\htdocs\crud-login-ci4\system\Debug\Exceptions.php(147): CodeIgniter\Debug\ExceptionHandler->handle(Object(CodeIgniter\Exceptions\FrameworkException), Object(CodeIgniter\HTTP\IncomingRequest), Object(CodeIgniter\HTTP\Response), 500, 1)
#5 [internal function]: CodeIgniter\Debug\Exceptions->exceptionHandler(Object(CodeIgniter\Exceptions\FrameworkException))
#6 {main}
  thrown
【Previous Exception】
CodeIgniter\Exceptions\FrameworkException
The framework needs the following extension(s) installed and loaded: intl.
#0 D:\xampp\htdocs\crud-login-ci4\system\CodeIgniter.php(246): CodeIgniter\Exceptions\FrameworkException::forMissingExtension('intl')
#1 D:\xampp\htdocs\crud-login-ci4\system\CodeIgniter.php(210): CodeIgniter\CodeIgniter->resolvePlatformExtensions()
#2 D:\xampp\htdocs\crud-login-ci4\spark(88): CodeIgniter\CodeIgniter->initialize()
#3 {main}
in SYSTEMPATH\I18n\TimeTrait.php on line 74.
 1 [internal function]: CodeIgniter\Debug\Exceptions->shutdownHandler()
CRITICAL - 2024-05-30 06:05:12 --> The framework needs the following extension(s) installed and loaded: intl.
in SYSTEMPATH\CodeIgniter.php on line 246.
 1 SYSTEMPATH\CodeIgniter.php(246): CodeIgniter\Exceptions\FrameworkException::forMissingExtension('intl')
 2 SYSTEMPATH\CodeIgniter.php(210): CodeIgniter\CodeIgniter->resolvePlatformExtensions()
 3 ROOTPATH\spark(88): CodeIgniter\CodeIgniter->initialize()
CRITICAL - 2024-05-30 06:05:12 --> Uncaught Error: Class "Locale" not found in D:\xampp\htdocs\crud-login-ci4\system\I18n\TimeTrait.php:74
Stack trace:
#0 D:\xampp\htdocs\crud-login-ci4\system\I18n\TimeTrait.php(115): CodeIgniter\I18n\Time->__construct(NULL, NULL, NULL)
#1 D:\xampp\htdocs\crud-login-ci4\system\HTTP\ResponseTrait.php(468): CodeIgniter\I18n\Time::now()
#2 D:\xampp\htdocs\crud-login-ci4\system\HTTP\ResponseTrait.php(446): CodeIgniter\HTTP\Response->sendHeaders()
#3 D:\xampp\htdocs\crud-login-ci4\system\Debug\ExceptionHandler.php(78): CodeIgniter\HTTP\Response->send()
#4 D:\xampp\htdocs\crud-login-ci4\system\Debug\Exceptions.php(147): CodeIgniter\Debug\ExceptionHandler->handle(Object(CodeIgniter\Exceptions\FrameworkException), Object(CodeIgniter\HTTP\IncomingRequest), Object(CodeIgniter\HTTP\Response), 500, 1)
#5 [internal function]: CodeIgniter\Debug\Exceptions->exceptionHandler(Object(CodeIgniter\Exceptions\FrameworkException))
#6 {main}
  thrown
【Previous Exception】
CodeIgniter\Exceptions\FrameworkException
The framework needs the following extension(s) installed and loaded: intl.
#0 D:\xampp\htdocs\crud-login-ci4\system\CodeIgniter.php(246): CodeIgniter\Exceptions\FrameworkException::forMissingExtension('intl')
#1 D:\xampp\htdocs\crud-login-ci4\system\CodeIgniter.php(210): CodeIgniter\CodeIgniter->resolvePlatformExtensions()
#2 D:\xampp\htdocs\crud-login-ci4\spark(88): CodeIgniter\CodeIgniter->initialize()
#3 {main}
in SYSTEMPATH\I18n\TimeTrait.php on line 74.
 1 [internal function]: CodeIgniter\Debug\Exceptions->shutdownHandler()
ERROR - 2024-05-30 04:38:44 --> mysqli_sql_exception: Table 'db_ci_crud.users' doesn't exist in D:\xampp\htdocs\crud-login-ci4\system\Database\MySQLi\Connection.php:306
Stack trace:
#0 D:\xampp\htdocs\crud-login-ci4\system\Database\MySQLi\Connection.php(306): mysqli->query('SELECT *\nFROM `...', 0)
#1 D:\xampp\htdocs\crud-login-ci4\system\Database\BaseConnection.php(692): CodeIgniter\Database\MySQLi\Connection->execute('SELECT *\nFROM `...')
#2 D:\xampp\htdocs\crud-login-ci4\system\Database\BaseConnection.php(606): CodeIgniter\Database\BaseConnection->simpleQuery('SELECT *\nFROM `...')
#3 D:\xampp\htdocs\crud-login-ci4\system\Database\BaseBuilder.php(1615): CodeIgniter\Database\BaseConnection->query('SELECT *\nFROM `...', Array, false)
#4 D:\xampp\htdocs\crud-login-ci4\system\Model.php(264): CodeIgniter\Database\BaseBuilder->get()
#5 D:\xampp\htdocs\crud-login-ci4\system\BaseModel.php(662): CodeIgniter\Model->doFirst()
#6 D:\xampp\htdocs\crud-login-ci4\app\Controllers\Login.php(29): CodeIgniter\BaseModel->first()
#7 D:\xampp\htdocs\crud-login-ci4\system\CodeIgniter.php(919): App\Controllers\Login->auth()
#8 D:\xampp\htdocs\crud-login-ci4\system\CodeIgniter.php(494): CodeIgniter\CodeIgniter->runController(Object(App\Controllers\Login))
#9 D:\xampp\htdocs\crud-login-ci4\system\CodeIgniter.php(353): CodeIgniter\CodeIgniter->handleRequest(NULL, Object(Config\Cache), false)
#10 D:\xampp\htdocs\crud-login-ci4\public\index.php(79): CodeIgniter\CodeIgniter->run()
#11 D:\xampp\htdocs\crud-login-ci4\system\Commands\Server\rewrite.php(47): require_once('D:\\xampp\\htdocs...')
#12 {main}
CRITICAL - 2024-05-30 04:38:44 --> Table 'db_ci_crud.users' doesn't exist
in SYSTEMPATH\Database\BaseConnection.php on line 646.
 1 SYSTEMPATH\Database\BaseBuilder.php(1615): CodeIgniter\Database\BaseConnection->query('SELECT *
FROM `users`
WHERE `email` = :email:
 LIMIT 1', [...], false)
 2 SYSTEMPATH\Model.php(264): CodeIgniter\Database\BaseBuilder->get()
 3 SYSTEMPATH\BaseModel.php(662): CodeIgniter\Model->doFirst()
 4 APPPATH\Controllers\Login.php(29): CodeIgniter\BaseModel->first()
 5 SYSTEMPATH\CodeIgniter.php(919): App\Controllers\Login->auth()
 6 SYSTEMPATH\CodeIgniter.php(494): CodeIgniter\CodeIgniter->runController(Object(App\Controllers\Login))
 7 SYSTEMPATH\CodeIgniter.php(353): CodeIgniter\CodeIgniter->handleRequest(null, Object(Config\Cache), false)
 8 FCPATH\index.php(79): CodeIgniter\CodeIgniter->run()
 9 SYSTEMPATH\Commands\Server\rewrite.php(47): require_once('D:\\xampp\\htdocs\\crud-login-ci4\\public\\index.php')
ERROR - 2024-05-30 04:38:50 --> mysqli_sql_exception: Table 'db_ci_crud.users' doesn't exist in D:\xampp\htdocs\crud-login-ci4\system\Database\MySQLi\Connection.php:306
Stack trace:
#0 D:\xampp\htdocs\crud-login-ci4\system\Database\MySQLi\Connection.php(306): mysqli->query('SELECT *\nFROM `...', 0)
#1 D:\xampp\htdocs\crud-login-ci4\system\Database\BaseConnection.php(692): CodeIgniter\Database\MySQLi\Connection->execute('SELECT *\nFROM `...')
#2 D:\xampp\htdocs\crud-login-ci4\system\Database\BaseConnection.php(606): CodeIgniter\Database\BaseConnection->simpleQuery('SELECT *\nFROM `...')
#3 D:\xampp\htdocs\crud-login-ci4\system\Database\BaseBuilder.php(1615): CodeIgniter\Database\BaseConnection->query('SELECT *\nFROM `...', Array, false)
#4 D:\xampp\htdocs\crud-login-ci4\system\Model.php(264): CodeIgniter\Database\BaseBuilder->get()
#5 D:\xampp\htdocs\crud-login-ci4\system\BaseModel.php(662): CodeIgniter\Model->doFirst()
#6 D:\xampp\htdocs\crud-login-ci4\app\Controllers\Login.php(29): CodeIgniter\BaseModel->first()
#7 D:\xampp\htdocs\crud-login-ci4\system\CodeIgniter.php(919): App\Controllers\Login->auth()
#8 D:\xampp\htdocs\crud-login-ci4\system\CodeIgniter.php(494): CodeIgniter\CodeIgniter->runController(Object(App\Controllers\Login))
#9 D:\xampp\htdocs\crud-login-ci4\system\CodeIgniter.php(353): CodeIgniter\CodeIgniter->handleRequest(NULL, Object(Config\Cache), false)
#10 D:\xampp\htdocs\crud-login-ci4\public\index.php(79): CodeIgniter\CodeIgniter->run()
#11 D:\xampp\htdocs\crud-login-ci4\system\Commands\Server\rewrite.php(47): require_once('D:\\xampp\\htdocs...')
#12 {main}
CRITICAL - 2024-05-30 04:38:50 --> Table 'db_ci_crud.users' doesn't exist
in SYSTEMPATH\Database\BaseConnection.php on line 646.
 1 SYSTEMPATH\Database\BaseBuilder.php(1615): CodeIgniter\Database\BaseConnection->query('SELECT *
FROM `users`
WHERE `email` = :email:
 LIMIT 1', [...], false)
 2 SYSTEMPATH\Model.php(264): CodeIgniter\Database\BaseBuilder->get()
 3 SYSTEMPATH\BaseModel.php(662): CodeIgniter\Model->doFirst()
 4 APPPATH\Controllers\Login.php(29): CodeIgniter\BaseModel->first()
 5 SYSTEMPATH\CodeIgniter.php(919): App\Controllers\Login->auth()
 6 SYSTEMPATH\CodeIgniter.php(494): CodeIgniter\CodeIgniter->runController(Object(App\Controllers\Login))
 7 SYSTEMPATH\CodeIgniter.php(353): CodeIgniter\CodeIgniter->handleRequest(null, Object(Config\Cache), false)
 8 FCPATH\index.php(79): CodeIgniter\CodeIgniter->run()
 9 SYSTEMPATH\Commands\Server\rewrite.php(47): require_once('D:\\xampp\\htdocs\\crud-login-ci4\\public\\index.php')
ERROR - 2024-05-30 04:40:11 --> mysqli_sql_exception: Table 'db_ci_crud.users' doesn't exist in D:\xampp\htdocs\crud-login-ci4\system\Database\MySQLi\Connection.php:306
Stack trace:
#0 D:\xampp\htdocs\crud-login-ci4\system\Database\MySQLi\Connection.php(306): mysqli->query('SELECT *\nFROM `...', 0)
#1 D:\xampp\htdocs\crud-login-ci4\system\Database\BaseConnection.php(692): CodeIgniter\Database\MySQLi\Connection->execute('SELECT *\nFROM `...')
#2 D:\xampp\htdocs\crud-login-ci4\system\Database\BaseConnection.php(606): CodeIgniter\Database\BaseConnection->simpleQuery('SELECT *\nFROM `...')
#3 D:\xampp\htdocs\crud-login-ci4\system\Database\BaseBuilder.php(1615): CodeIgniter\Database\BaseConnection->query('SELECT *\nFROM `...', Array, false)
#4 D:\xampp\htdocs\crud-login-ci4\system\Model.php(264): CodeIgniter\Database\BaseBuilder->get()
#5 D:\xampp\htdocs\crud-login-ci4\system\BaseModel.php(662): CodeIgniter\Model->doFirst()
#6 D:\xampp\htdocs\crud-login-ci4\app\Controllers\Login.php(29): CodeIgniter\BaseModel->first()
#7 D:\xampp\htdocs\crud-login-ci4\system\CodeIgniter.php(919): App\Controllers\Login->auth()
#8 D:\xampp\htdocs\crud-login-ci4\system\CodeIgniter.php(494): CodeIgniter\CodeIgniter->runController(Object(App\Controllers\Login))
#9 D:\xampp\htdocs\crud-login-ci4\system\CodeIgniter.php(353): CodeIgniter\CodeIgniter->handleRequest(NULL, Object(Config\Cache), false)
#10 D:\xampp\htdocs\crud-login-ci4\public\index.php(79): CodeIgniter\CodeIgniter->run()
#11 D:\xampp\htdocs\crud-login-ci4\system\Commands\Server\rewrite.php(47): require_once('D:\\xampp\\htdocs...')
#12 {main}
CRITICAL - 2024-05-30 04:40:11 --> Table 'db_ci_crud.users' doesn't exist
in SYSTEMPATH\Database\BaseConnection.php on line 646.
 1 SYSTEMPATH\Database\BaseBuilder.php(1615): CodeIgniter\Database\BaseConnection->query('SELECT *
FROM `users`
WHERE `email` = :email:
 LIMIT 1', [...], false)
 2 SYSTEMPATH\Model.php(264): CodeIgniter\Database\BaseBuilder->get()
 3 SYSTEMPATH\BaseModel.php(662): CodeIgniter\Model->doFirst()
 4 APPPATH\Controllers\Login.php(29): CodeIgniter\BaseModel->first()
 5 SYSTEMPATH\CodeIgniter.php(919): App\Controllers\Login->auth()
 6 SYSTEMPATH\CodeIgniter.php(494): CodeIgniter\CodeIgniter->runController(Object(App\Controllers\Login))
 7 SYSTEMPATH\CodeIgniter.php(353): CodeIgniter\CodeIgniter->handleRequest(null, Object(Config\Cache), false)
 8 FCPATH\index.php(79): CodeIgniter\CodeIgniter->run()
 9 SYSTEMPATH\Commands\Server\rewrite.php(47): require_once('D:\\xampp\\htdocs\\crud-login-ci4\\public\\index.php')
ERROR - 2024-05-30 06:10:20 --> Error connecting to the database: mysqli_sql_exception: No connection could be made because the target machine actively refused it in D:\xampp\htdocs\crud-login-ci4\system\Database\MySQLi\Connection.php:185
Stack trace:
#0 D:\xampp\htdocs\crud-login-ci4\system\Database\MySQLi\Connection.php(185): mysqli->real_connect('localhost', 'root', '', 'db_ci_crud', 3306, '', 0)
#1 D:\xampp\htdocs\crud-login-ci4\system\Database\BaseConnection.php(391): CodeIgniter\Database\MySQLi\Connection->connect(false)
#2 D:\xampp\htdocs\crud-login-ci4\system\Database\BaseConnection.php(574): CodeIgniter\Database\BaseConnection->initialize()
#3 D:\xampp\htdocs\crud-login-ci4\system\Database\BaseBuilder.php(1615): CodeIgniter\Database\BaseConnection->query('SELECT *\nFROM `...', Array, false)
#4 D:\xampp\htdocs\crud-login-ci4\system\Model.php(237): CodeIgniter\Database\BaseBuilder->get()
#5 D:\xampp\htdocs\crud-login-ci4\system\BaseModel.php(624): CodeIgniter\Model->doFindAll(0, 0)
#6 D:\xampp\htdocs\crud-login-ci4\app\Models\Employee_model.php(15): CodeIgniter\BaseModel->findAll()
#7 D:\xampp\htdocs\crud-login-ci4\app\Controllers\Employee.php(15): App\Models\Employee_model->getKaryawan()
#8 D:\xampp\htdocs\crud-login-ci4\system\CodeIgniter.php(919): App\Controllers\Employee->index()
#9 D:\xampp\htdocs\crud-login-ci4\system\CodeIgniter.php(494): CodeIgniter\CodeIgniter->runController(Object(App\Controllers\Employee))
#10 D:\xampp\htdocs\crud-login-ci4\system\CodeIgniter.php(353): CodeIgniter\CodeIgniter->handleRequest(NULL, Object(Config\Cache), false)
#11 D:\xampp\htdocs\crud-login-ci4\public\index.php(79): CodeIgniter\CodeIgniter->run()
#12 D:\xampp\htdocs\crud-login-ci4\system\Commands\Server\rewrite.php(47): require_once('D:\\xampp\\htdocs...')
#13 {main}

Next CodeIgniter\Database\Exceptions\DatabaseException: No connection could be made because the target machine actively refused it in D:\xampp\htdocs\crud-login-ci4\system\Database\MySQLi\Connection.php:229
Stack trace:
#0 D:\xampp\htdocs\crud-login-ci4\system\Database\BaseConnection.php(391): CodeIgniter\Database\MySQLi\Connection->connect(false)
#1 D:\xampp\htdocs\crud-login-ci4\system\Database\BaseConnection.php(574): CodeIgniter\Database\BaseConnection->initialize()
#2 D:\xampp\htdocs\crud-login-ci4\system\Database\BaseBuilder.php(1615): CodeIgniter\Database\BaseConnection->query('SELECT *\nFROM `...', Array, false)
#3 D:\xampp\htdocs\crud-login-ci4\system\Model.php(237): CodeIgniter\Database\BaseBuilder->get()
#4 D:\xampp\htdocs\crud-login-ci4\system\BaseModel.php(624): CodeIgniter\Model->doFindAll(0, 0)
#5 D:\xampp\htdocs\crud-login-ci4\app\Models\Employee_model.php(15): CodeIgniter\BaseModel->findAll()
#6 D:\xampp\htdocs\crud-login-ci4\app\Controllers\Employee.php(15): App\Models\Employee_model->getKaryawan()
#7 D:\xampp\htdocs\crud-login-ci4\system\CodeIgniter.php(919): App\Controllers\Employee->index()
#8 D:\xampp\htdocs\crud-login-ci4\system\CodeIgniter.php(494): CodeIgniter\CodeIgniter->runController(Object(App\Controllers\Employee))
#9 D:\xampp\htdocs\crud-login-ci4\system\CodeIgniter.php(353): CodeIgniter\CodeIgniter->handleRequest(NULL, Object(Config\Cache), false)
#10 D:\xampp\htdocs\crud-login-ci4\public\index.php(79): CodeIgniter\CodeIgniter->run()
#11 D:\xampp\htdocs\crud-login-ci4\system\Commands\Server\rewrite.php(47): require_once('D:\\xampp\\htdocs...')
#12 {main}
CRITICAL - 2024-05-30 06:10:20 --> Unable to connect to the database.
Main connection [MySQLi]: No connection could be made because the target machine actively refused it
in SYSTEMPATH\Database\BaseConnection.php on line 427.
 1 SYSTEMPATH\Database\BaseConnection.php(574): CodeIgniter\Database\BaseConnection->initialize()
 2 SYSTEMPATH\Database\BaseBuilder.php(1615): CodeIgniter\Database\BaseConnection->query('SELECT *
FROM `employees`', [], false)
 3 SYSTEMPATH\Model.php(237): CodeIgniter\Database\BaseBuilder->get()
 4 SYSTEMPATH\BaseModel.php(624): CodeIgniter\Model->doFindAll(0, 0)
 5 APPPATH\Models\Employee_model.php(15): CodeIgniter\BaseModel->findAll()
 6 APPPATH\Controllers\Employee.php(15): App\Models\Employee_model->getKaryawan()
 7 SYSTEMPATH\CodeIgniter.php(919): App\Controllers\Employee->index()
 8 SYSTEMPATH\CodeIgniter.php(494): CodeIgniter\CodeIgniter->runController(Object(App\Controllers\Employee))
 9 SYSTEMPATH\CodeIgniter.php(353): CodeIgniter\CodeIgniter->handleRequest(null, Object(Config\Cache), false)
10 FCPATH\index.php(79): CodeIgniter\CodeIgniter->run()
11 SYSTEMPATH\Commands\Server\rewrite.php(47): require_once('D:\\xampp\\htdocs\\crud-login-ci4\\public\\index.php')
ERROR - 2024-05-30 06:10:38 --> Error connecting to the database: mysqli_sql_exception: No connection could be made because the target machine actively refused it in D:\xampp\htdocs\crud-login-ci4\system\Database\MySQLi\Connection.php:185
Stack trace:
#0 D:\xampp\htdocs\crud-login-ci4\system\Database\MySQLi\Connection.php(185): mysqli->real_connect('localhost', 'root', '', 'db_ci_crud', 3306, '', 0)
#1 D:\xampp\htdocs\crud-login-ci4\system\Database\BaseConnection.php(391): CodeIgniter\Database\MySQLi\Connection->connect(false)
#2 D:\xampp\htdocs\crud-login-ci4\system\Database\BaseConnection.php(574): CodeIgniter\Database\BaseConnection->initialize()
#3 D:\xampp\htdocs\crud-login-ci4\system\Database\BaseBuilder.php(1615): CodeIgniter\Database\BaseConnection->query('SELECT *\nFROM `...', Array, false)
#4 D:\xampp\htdocs\crud-login-ci4\system\Model.php(237): CodeIgniter\Database\BaseBuilder->get()
#5 D:\xampp\htdocs\crud-login-ci4\system\BaseModel.php(624): CodeIgniter\Model->doFindAll(0, 0)
#6 D:\xampp\htdocs\crud-login-ci4\app\Models\Employee_model.php(15): CodeIgniter\BaseModel->findAll()
#7 D:\xampp\htdocs\crud-login-ci4\app\Controllers\Employee.php(15): App\Models\Employee_model->getKaryawan()
#8 D:\xampp\htdocs\crud-login-ci4\system\CodeIgniter.php(919): App\Controllers\Employee->index()
#9 D:\xampp\htdocs\crud-login-ci4\system\CodeIgniter.php(494): CodeIgniter\CodeIgniter->runController(Object(App\Controllers\Employee))
#10 D:\xampp\htdocs\crud-login-ci4\system\CodeIgniter.php(353): CodeIgniter\CodeIgniter->handleRequest(NULL, Object(Config\Cache), false)
#11 D:\xampp\htdocs\crud-login-ci4\public\index.php(79): CodeIgniter\CodeIgniter->run()
#12 D:\xampp\htdocs\crud-login-ci4\system\Commands\Server\rewrite.php(47): require_once('D:\\xampp\\htdocs...')
#13 {main}

Next CodeIgniter\Database\Exceptions\DatabaseException: No connection could be made because the target machine actively refused it in D:\xampp\htdocs\crud-login-ci4\system\Database\MySQLi\Connection.php:229
Stack trace:
#0 D:\xampp\htdocs\crud-login-ci4\system\Database\BaseConnection.php(391): CodeIgniter\Database\MySQLi\Connection->connect(false)
#1 D:\xampp\htdocs\crud-login-ci4\system\Database\BaseConnection.php(574): CodeIgniter\Database\BaseConnection->initialize()
#2 D:\xampp\htdocs\crud-login-ci4\system\Database\BaseBuilder.php(1615): CodeIgniter\Database\BaseConnection->query('SELECT *\nFROM `...', Array, false)
#3 D:\xampp\htdocs\crud-login-ci4\system\Model.php(237): CodeIgniter\Database\BaseBuilder->get()
#4 D:\xampp\htdocs\crud-login-ci4\system\BaseModel.php(624): CodeIgniter\Model->doFindAll(0, 0)
#5 D:\xampp\htdocs\crud-login-ci4\app\Models\Employee_model.php(15): CodeIgniter\BaseModel->findAll()
#6 D:\xampp\htdocs\crud-login-ci4\app\Controllers\Employee.php(15): App\Models\Employee_model->getKaryawan()
#7 D:\xampp\htdocs\crud-login-ci4\system\CodeIgniter.php(919): App\Controllers\Employee->index()
#8 D:\xampp\htdocs\crud-login-ci4\system\CodeIgniter.php(494): CodeIgniter\CodeIgniter->runController(Object(App\Controllers\Employee))
#9 D:\xampp\htdocs\crud-login-ci4\system\CodeIgniter.php(353): CodeIgniter\CodeIgniter->handleRequest(NULL, Object(Config\Cache), false)
#10 D:\xampp\htdocs\crud-login-ci4\public\index.php(79): CodeIgniter\CodeIgniter->run()
#11 D:\xampp\htdocs\crud-login-ci4\system\Commands\Server\rewrite.php(47): require_once('D:\\xampp\\htdocs...')
#12 {main}
CRITICAL - 2024-05-30 06:10:38 --> Unable to connect to the database.
Main connection [MySQLi]: No connection could be made because the target machine actively refused it
in SYSTEMPATH\Database\BaseConnection.php on line 427.
 1 SYSTEMPATH\Database\BaseConnection.php(574): CodeIgniter\Database\BaseConnection->initialize()
 2 SYSTEMPATH\Database\BaseBuilder.php(1615): CodeIgniter\Database\BaseConnection->query('SELECT *
FROM `employees`', [], false)
 3 SYSTEMPATH\Model.php(237): CodeIgniter\Database\BaseBuilder->get()
 4 SYSTEMPATH\BaseModel.php(624): CodeIgniter\Model->doFindAll(0, 0)
 5 APPPATH\Models\Employee_model.php(15): CodeIgniter\BaseModel->findAll()
 6 APPPATH\Controllers\Employee.php(15): App\Models\Employee_model->getKaryawan()
 7 SYSTEMPATH\CodeIgniter.php(919): App\Controllers\Employee->index()
 8 SYSTEMPATH\CodeIgniter.php(494): CodeIgniter\CodeIgniter->runController(Object(App\Controllers\Employee))
 9 SYSTEMPATH\CodeIgniter.php(353): CodeIgniter\CodeIgniter->handleRequest(null, Object(Config\Cache), false)
10 FCPATH\index.php(79): CodeIgniter\CodeIgniter->run()
11 SYSTEMPATH\Commands\Server\rewrite.php(47): require_once('D:\\xampp\\htdocs\\crud-login-ci4\\public\\index.php')
